2024-11-21 16:43:15,097 INFO  [org.jboss.modules] (main) JBoss Modules version 2.1.5.Final
2024-11-21 16:43:15,497 INFO  [org.jboss.msc] (main) JBoss MSC version 1.5.5.Final
2024-11-21 16:43:15,500 INFO  [org.jboss.threads] (main) JBoss Threads version 2.4.0.Final
2024-11-21 16:43:15,558 INFO  [org.jboss.as] (MSC service thread 1-2) WFLYSRV0049: WildFly 34.0.0.Final (WildFly Core 26.0.1.Final) starting
2024-11-21 16:43:15,559 DEBUG [org.jboss.as.config] (MSC service thread 1-2) Configured system properties:
	[Standalone] = 
	file.encoding = UTF-8
	file.separator = /
	java.awt.headless = true
	java.class.path = /home/Nonefound/WEB/web_lab2/wildfly/jboss-modules.jar
	java.class.version = 67.0
	java.home = /usr/lib/jvm/java-23-openjdk
	java.io.tmpdir = /tmp
	java.library.path = /usr/java/packages/lib:/usr/lib64:/lib64:/lib:/usr/lib
	java.net.preferIPv4Stack = true
	java.runtime.name = OpenJDK Runtime Environment
	java.runtime.version = 23
	java.security.manager = allow
	java.specification.name = Java Platform API Specification
	java.specification.vendor = Oracle Corporation
	java.specification.version = 23
	java.util.logging.manager = org.jboss.logmanager.LogManager
	java.vendor = Arch Linux
	java.vendor.url = https://openjdk.org/
	java.vendor.url.bug = https://bugreport.java.com/bugreport/
	java.version = 23
	java.version.date = 2024-09-17
	java.vm.compressedOopsMode = 32-bit
	java.vm.info = mixed mode, sharing
	java.vm.name = OpenJDK 64-Bit Server VM
	java.vm.specification.name = Java Virtual Machine Specification
	java.vm.specification.vendor = Oracle Corporation
	java.vm.specification.version = 23
	java.vm.vendor = Arch Linux
	java.vm.version = 23
	javax.management.builder.initial = org.jboss.as.jmx.PluggableMBeanServerBuilder
	jboss.home.dir = /home/Nonefound/WEB/web_lab2/wildfly
	jboss.host.name = artbook
	jboss.modules.system.pkgs = org.jboss.byteman
	jboss.node.name = artbook
	jboss.qualified.host.name = artbook
	jboss.server.base.dir = /home/Nonefound/WEB/web_lab2/wildfly/standalone
	jboss.server.config.dir = /home/Nonefound/WEB/web_lab2/wildfly/standalone/configuration
	jboss.server.data.dir = /home/Nonefound/WEB/web_lab2/wildfly/standalone/data
	jboss.server.log.dir = /home/Nonefound/WEB/web_lab2/wildfly/standalone/log
	jboss.server.name = artbook
	jboss.server.persist.config = true
	jboss.server.temp.dir = /home/Nonefound/WEB/web_lab2/wildfly/standalone/tmp
	jdk.debug = release
	jdk.serialFilter = maxbytes=10485760;maxdepth=128;maxarray=100000;maxrefs=300000
	line.separator = 

	logging.configuration = file:/home/Nonefound/WEB/web_lab2/wildfly/standalone/configuration/logging.properties
	module.path = /home/Nonefound/WEB/web_lab2/wildfly/modules
	native.encoding = UTF-8
	org.jboss.boot.log.file = /home/Nonefound/WEB/web_lab2/wildfly/standalone/log/server.log
	org.jboss.resolver.warning = true
	os.arch = amd64
	os.name = Linux
	os.version = 6.11.8-arch1-2
	path.separator = :
	stderr.encoding = UTF-8
	stdout.encoding = UTF-8
	sun.arch.data.model = 64
	sun.boot.library.path = /usr/lib/jvm/java-23-openjdk/lib
	sun.cpu.endian = little
	sun.io.unicode.encoding = UnicodeLittle
	sun.java.command = /home/Nonefound/WEB/web_lab2/wildfly/jboss-modules.jar -mp /home/Nonefound/WEB/web_lab2/wildfly/modules org.jboss.as.standalone -Djboss.home.dir=/home/Nonefound/WEB/web_lab2/wildfly -Djboss.server.base.dir=/home/Nonefound/WEB/web_lab2/wildfly/standalone
	sun.java.launcher = SUN_STANDARD
	sun.jnu.encoding = UTF-8
	sun.management.compiler = HotSpot 64-Bit Tiered Compilers
	user.country = US
	user.dir = /home/Nonefound/WEB/web_lab2/wildfly/bin
	user.home = /home/Nonefound
	user.language = en
	user.name = Nonefound
	user.timezone = Europe/Moscow
2024-11-21 16:43:15,559 DEBUG [org.jboss.as.config] (MSC service thread 1-2) VM Arguments: -D[Standalone] -Djdk.serialFilter=maxbytes=10485760;maxdepth=128;maxarray=100000;maxrefs=300000 -Xms64m -Xmx512m -XX:MetaspaceSize=96M -XX:MaxMetaspaceSize=256m -Djava.net.preferIPv4Stack=true -Djboss.modules.system.pkgs=org.jboss.byteman -Djava.awt.headless=true --add-exports=java.desktop/sun.awt=ALL-UNNAMED --add-exports=java.naming/com.sun.jndi.ldap=ALL-UNNAMED --add-exports=java.naming/com.sun.jndi.url.ldap=ALL-UNNAMED --add-exports=java.naming/com.sun.jndi.url.ldaps=ALL-UNNAMED --add-exports=jdk.naming.dns/com.sun.jndi.dns=ALL-UNNAMED --add-opens=java.base/java.lang=ALL-UNNAMED --add-opens=java.base/java.lang.invoke=ALL-UNNAMED --add-opens=java.base/java.lang.reflect=ALL-UNNAMED --add-opens=java.base/java.io=ALL-UNNAMED --add-opens=java.base/java.net=ALL-UNNAMED --add-opens=java.base/java.security=ALL-UNNAMED --add-opens=java.base/java.util=ALL-UNNAMED --add-opens=java.base/java.util.concurrent=ALL-UNNAMED --add-opens=java.management/javax.management=ALL-UNNAMED --add-opens=java.naming/javax.naming=ALL-UNNAMED -Djava.security.manager=allow -Dorg.jboss.boot.log.file=/home/Nonefound/WEB/web_lab2/wildfly/standalone/log/server.log -Dlogging.configuration=file:/home/Nonefound/WEB/web_lab2/wildfly/standalone/configuration/logging.properties 
2024-11-21 16:43:16,084 INFO  [org.wildfly.security] (Controller Boot Thread) ELY00001: WildFly Elytron version 2.6.0.Final
2024-11-21 16:43:16,420 INFO  [org.jboss.as.server] (Controller Boot Thread) WFLYSRV0039: Creating http management service using socket-binding (management-http)
2024-11-21 16:43:16,429 INFO  [org.xnio] (MSC service thread 1-7) XNIO version 3.8.16.Final
2024-11-21 16:43:16,433 INFO  [org.xnio.nio] (MSC service thread 1-7) XNIO NIO Implementation Version 3.8.16.Final
2024-11-21 16:43:16,455 INFO  [org.wildfly.extension.elytron.oidc._private] (ServerService Thread Pool -- 53) WFLYOIDC0001: Activating WildFly Elytron OIDC Subsystem
2024-11-21 16:43:16,457 INFO  [org.jboss.remoting] (MSC service thread 1-8) JBoss Remoting version 5.0.29.Final
2024-11-21 16:43:16,459 INFO  [org.jboss.as.clustering.infinispan] (ServerService Thread Pool -- 55) WFLYCLINF0001: Activating Infinispan subsystem.
2024-11-21 16:43:16,462 INFO  [org.wildfly.extension.health] (ServerService Thread Pool -- 54) WFLYHEALTH0001: Activating Base Health Subsystem
2024-11-21 16:43:16,474 INFO  [org.jboss.as.jaxrs] (ServerService Thread Pool -- 57) WFLYRS0016: RESTEasy version 6.2.10.Final
2024-11-21 16:43:16,476 INFO  [org.wildfly.extension.microprofile.jwt.smallrye] (ServerService Thread Pool -- 66) WFLYJWT0001: Activating MicroProfile JWT Subsystem
2024-11-21 16:43:16,478 INFO  [org.jboss.as.naming] (ServerService Thread Pool -- 67) WFLYNAM0001: Activating Naming Subsystem
2024-11-21 16:43:16,478 INFO  [org.wildfly.extension.io] (ServerService Thread Pool -- 56) WFLYIO001: Worker 'default' has auto-configured to 16 IO threads with 128 max task threads based on your 8 available processors
2024-11-21 16:43:16,479 INFO  [org.wildfly.extension.microprofile.config.smallrye] (ServerService Thread Pool -- 65) WFLYCONF0001: Activating MicroProfile Config Subsystem
2024-11-21 16:43:16,479 WARN  [org.jboss.as.txn] (ServerService Thread Pool -- 74) WFLYTX0013: The node-identifier attribute on the /subsystem=transactions is set to the default value. This is a danger for environments running multiple servers. Please make sure the attribute value is unique.
2024-11-21 16:43:16,487 INFO  [org.jboss.as.jsf] (ServerService Thread Pool -- 62) WFLYJSF0007: Activated the following Jakarta Server Faces Implementations: [main]
2024-11-21 16:43:16,489 INFO  [org.jboss.as.webservices] (ServerService Thread Pool -- 76) WFLYWS0002: Activating WebServices Extension
2024-11-21 16:43:16,493 INFO  [org.wildfly.extension.metrics] (ServerService Thread Pool -- 64) WFLYMETRICS0001: Activating Base Metrics Subsystem
2024-11-21 16:43:16,493 INFO  [org.jboss.as.connector] (MSC service thread 1-6) WFLYJCA0009: Starting Jakarta Connectors Subsystem (WildFly/IronJacamar 3.0.10.Final)
2024-11-21 16:43:16,494 INFO  [org.jboss.as.connector.subsystems.datasources] (ServerService Thread Pool -- 44) WFLYJCA0004: Deploying JDBC-compliant driver class org.h2.Driver (version 2.2)
2024-11-21 16:43:16,500 INFO  [org.jboss.as.server.deployment] (MSC service thread 1-2) WFLYSRV0027: Starting deployment of "web-2-test.war" (runtime-name: "web-2-test.war")
2024-11-21 16:43:16,520 INFO  [org.jboss.as.connector.deployers.jdbc] (MSC service thread 1-8) WFLYJCA0018: Started Driver service with driver-name = h2
2024-11-21 16:43:16,521 INFO  [org.jboss.as.naming] (MSC service thread 1-5) WFLYNAM0003: Starting Naming Service
2024-11-21 16:43:16,528 INFO  [org.wildfly.extension.undertow] (MSC service thread 1-4) WFLYUT0003: Undertow 2.3.18.Final starting
2024-11-21 16:43:16,528 INFO  [org.jboss.as.mail.extension] (MSC service thread 1-3) WFLYMAIL0001: Bound mail session [java:jboss/mail/Default]
2024-11-21 16:43:16,575 WARN  [org.wildfly.extension.elytron] (MSC service thread 1-7) WFLYELY00023: KeyStore file '/home/Nonefound/WEB/web_lab2/wildfly/standalone/configuration/application.keystore' does not exist. Used blank.
2024-11-21 16:43:16,585 WARN  [org.wildfly.extension.elytron] (MSC service thread 1-7) WFLYELY01084: KeyStore /home/Nonefound/WEB/web_lab2/wildfly/standalone/configuration/application.keystore not found, it will be auto-generated on first use with a self-signed certificate for host localhost
2024-11-21 16:43:16,587 INFO  [org.wildfly.extension.undertow] (ServerService Thread Pool -- 75) WFLYUT0014: Creating file handler for path '/home/Nonefound/WEB/web_lab2/wildfly/welcome-content' with options [directory-listing: 'false', follow-symlink: 'false', case-sensitive: 'true', safe-symlink-paths: '[]']
2024-11-21 16:43:16,596 INFO  [org.wildfly.extension.undertow] (MSC service thread 1-2) WFLYUT0012: Started server default-server.
2024-11-21 16:43:16,597 INFO  [org.wildfly.extension.undertow] (MSC service thread 1-5) Queuing requests.
2024-11-21 16:43:16,598 INFO  [org.wildfly.extension.undertow] (MSC service thread 1-5) WFLYUT0018: Host default-host starting
2024-11-21 16:43:16,600 INFO  [org.jboss.as.ejb3] (MSC service thread 1-3) WFLYEJB0481: Strict pool slsb-strict-max-pool is using a max instance size of 128 (per class), which is derived from thread worker pool sizing.
2024-11-21 16:43:16,605 INFO  [org.jboss.as.ejb3] (MSC service thread 1-8) WFLYEJB0482: Strict pool mdb-strict-max-pool is using a max instance size of 32 (per class), which is derived from the number of CPUs on this host.
2024-11-21 16:43:16,654 INFO  [org.wildfly.extension.undertow] (MSC service thread 1-2) WFLYUT0006: Undertow HTTP listener default listening on 127.0.0.1:9118
2024-11-21 16:43:16,704 INFO  [org.jboss.as.ejb3] (MSC service thread 1-7) WFLYEJB0493: Jakarta Enterprise Beans subsystem suspension complete
2024-11-21 16:43:16,707 INFO  [org.wildfly.extension.undertow] (MSC service thread 1-2) WFLYUT0006: Undertow HTTPS listener https listening on 127.0.0.1:9481
